<?xml version="1.0" encoding="UTF-8"?>
<!-- Generated by org.testng.reporters.JUnitReportReporter -->
<testsuite skipped="0" hostname="DESKTOP-OL5560M" name="QAProject.TravelYaari.TestCases.FindBusWithMaxPrice" tests="1" failures="0" timestamp="16 Mar 2019 14:46:09 GMT" time="7.614" errors="0">
  <testcase name="getMaximumPriceDetails" time="7.614" classname="QAProject.TravelYaari.TestCases.FindBusWithMaxPrice"/>
</testsuite> <!-- QAProject.TravelYaari.TestCases.FindBusWithMaxPrice -->
